#XSPEC version: 12.15.0d
#Build Date/Time: Thu Sep 25 14:31:39 2025
#
!XSPEC12> show data
#
#5 files 5 spectra 
#Spectrum 1  Spectral Data File: sw00031042002xpcw3posr_grp.pha
#Net count rate (cts/s) for Spectrum:1  4.076e-01 +/- 4.561e-03
# Assigned to Data Group 1 and Plot Group 1
#  Noticed Channels:  2-197
#  Telescope: SWIFT Instrument: XRT  Channel Type: PI
#  Exposure Time: 1.959e+04 sec
# Using fit statistic: chi
# Using Response (RMF) File            /home/shreya/IUCAA/caldb/data/swift/xrt/cpf/rmf/swxpc0to12s6_20110101v014.rmf for Source 1
# Using Auxiliary Response (ARF) File  /home/shreya/IUCAA/Swift/products/sw00031042002xpcw3posr.arf
#
#Spectrum 2  Spectral Data File: nu50310002001A01_sr_grp.pha
#Net count rate (cts/s) for Spectrum:2  1.359e-01 +/- 1.197e-03 (92.2 % total)
# Assigned to Data Group 2 and Plot Group 2
#  Noticed Channels:  35-227
#  Telescope: NuSTAR Instrument: FPMA  Channel Type: PI
#  Exposure Time: 1.055e+05 sec
# Using fit statistic: chi
# Using Background File                nu50310002001A01_bk.pha
#  Background Exposure Time: 1.055e+05 sec
# Using Response (RMF) File            nu50310002001A01_sr.rmf for Source 1
# Using Auxiliary Response (ARF) File  nu50310002001A01_sr.arf
#
#Spectrum 3  Spectral Data File: nu50310002001B01_sr_grp.pha
#Net count rate (cts/s) for Spectrum:3  1.397e-01 +/- 1.209e-03 (92.9 % total)
# Assigned to Data Group 3 and Plot Group 3
#  Noticed Channels:  34-228
#  Telescope: NuSTAR Instrument: FPMB  Channel Type: PI
#  Exposure Time: 1.052e+05 sec
# Using fit statistic: chi
# Using Background File                nu50310002001B01_bk.pha
#  Background Exposure Time: 1.052e+05 sec
# Using Response (RMF) File            nu50310002001B01_sr.rmf for Source 1
# Using Auxiliary Response (ARF) File  nu50310002001B01_sr.arf
#
#Spectrum 4  Spectral Data File: nu50310002003A01_sr_grp.pha
#Net count rate (cts/s) for Spectrum:4  1.225e-01 +/- 1.150e-03 (93.0 % total)
# Assigned to Data Group 4 and Plot Group 4
#  Noticed Channels:  32-210
#  Telescope: NuSTAR Instrument: FPMA  Channel Type: PI
#  Exposure Time: 1.018e+05 sec
# Using fit statistic: chi
# Using Background File                nu50310002003A01_bk.pha
#  Background Exposure Time: 1.018e+05 sec
# Using Response (RMF) File            nu50310002003A01_sr.rmf for Source 1
# Using Auxiliary Response (ARF) File  nu50310002003A01_sr.arf
#
#Spectrum 5  Spectral Data File: nu50310002003B01_sr_grp.pha
#Net count rate (cts/s) for Spectrum:5  1.217e-01 +/- 1.149e-03 (92.8 % total)
# Assigned to Data Group 5 and Plot Group 5
#  Noticed Channels:  34-207
#  Telescope: NuSTAR Instrument: FPMB  Channel Type: PI
#  Exposure Time: 1.015e+05 sec
# Using fit statistic: chi
# Using Background File                nu50310002003B01_bk.pha
#  Background Exposure Time: 1.015e+05 sec
# Using Response (RMF) File            nu50310002003B01_sr.rmf for Source 1
# Using Auxiliary Response (ARF) File  nu50310002003B01_sr.arf
#
#
!XSPEC12> show fit
#
#Fit statistic  : Chi-Squared                  964.72     using 196 bins, spectrum 1, group 1.
#                 Chi-Squared                  233.85     using 193 bins, spectrum 2, group 2.
#                 Chi-Squared                  307.42     using 195 bins, spectrum 3, group 3.
#                 Chi-Squared                  222.59     using 179 bins, spectrum 4, group 4.
#                 Chi-Squared                  262.71     using 174 bins, spectrum 5, group 5.
#Total fit statistic                          1991.29     with 930 d.o.f.
#
#Test statistic : Chi-Squared                 1991.29     using 937 bins.
# Null hypothesis probability of 3.20e-79 with 930 degrees of freedom
#
!XSPEC12> show parameters
#
#Parameters defined:
#========================================================================
#Model phabs<1>*constant<2>*powerlaw<3> Source No.: 1   Active/On
#Model Model Component  Parameter  Unit     Value
# par  comp
#                           Data group: 1
#   1    1   phabs      nH         10^22    0.655715     +/-  1.23443E-02  
#   2    2   constant   factor              1.00000      frozen
#   3    3   powerlaw   PhoIndex            3.22901      +/-  1.18549E-02  
#   4    3   powerlaw   norm                1.37418E-02  +/-  3.05932E-04  
#                           Data group: 2
#   5    1   phabs      nH         10^22    0.655715     = p1
#   6    2   constant   factor              1.90428      +/-  4.44682E-02  
#   7    3   powerlaw   PhoIndex            3.22901      = p3
#   8    3   powerlaw   norm                1.37418E-02  = p4
#                           Data group: 3
#   9    1   phabs      nH         10^22    0.655715     = p1
#  10    2   constant   factor              1.90491      +/-  4.42008E-02  
#  11    3   powerlaw   PhoIndex            3.22901      = p3
#  12    3   powerlaw   norm                1.37418E-02  = p4
#                           Data group: 4
#  13    1   phabs      nH         10^22    0.655715     = p1
#  14    2   constant   factor              1.88720      +/-  4.44906E-02  
#  15    3   powerlaw   PhoIndex            3.22901      = p3
#  16    3   powerlaw   norm                1.37418E-02  = p4
#                           Data group: 5
#  17    1   phabs      nH         10^22    0.655715     = p1
#  18    2   constant   factor              1.77184      +/-  4.18121E-02  
#  19    3   powerlaw   PhoIndex            3.22901      = p3
#  20    3   powerlaw   norm                1.37418E-02  = p4
#________________________________________________________________________
#
#
!XSPEC12> error
#Cannot do error calc: Reduced Chi^2 (= 2.14117) > maximum (2)
#
!XSPEC12> error 1 3 4
#Cannot do error calc: Reduced Chi^2 (= 2.14117) > maximum (2)
#
!XSPEC12> log none
#
