#XSPEC version: 12.15.0d
#Build Date/Time: Thu Sep 25 14:31:39 2025
#
!XSPEC12> show data
#
#5 files 5 spectra 
#Spectrum 1  Spectral Data File: sw00031042002xpcw3posr_grp.pha
#Net count rate (cts/s) for Spectrum:1  4.076e-01 +/- 4.561e-03
# Assigned to Data Group 1 and Plot Group 1
#  Noticed Channels:  2-197
#  Telescope: SWIFT Instrument: XRT  Channel Type: PI
#  Exposure Time: 1.959e+04 sec
# Using fit statistic: chi
# Using Response (RMF) File            /home/shreya/IUCAA/caldb/data/swift/xrt/cpf/rmf/swxpc0to12s6_20110101v014.rmf for Source 1
# Using Auxiliary Response (ARF) File  /home/shreya/IUCAA/Swift/products/sw00031042002xpcw3posr.arf
#
#Spectrum 2  Spectral Data File: nu50310002001A01_sr_grp.pha
#Net count rate (cts/s) for Spectrum:2  1.359e-01 +/- 1.197e-03 (92.2 % total)
# Assigned to Data Group 2 and Plot Group 2
#  Noticed Channels:  35-227
#  Telescope: NuSTAR Instrument: FPMA  Channel Type: PI
#  Exposure Time: 1.055e+05 sec
# Using fit statistic: chi
# Using Background File                nu50310002001A01_bk.pha
#  Background Exposure Time: 1.055e+05 sec
# Using Response (RMF) File            nu50310002001A01_sr.rmf for Source 1
# Using Auxiliary Response (ARF) File  nu50310002001A01_sr.arf
#
#Spectrum 3  Spectral Data File: nu50310002001B01_sr_grp.pha
#Net count rate (cts/s) for Spectrum:3  1.397e-01 +/- 1.209e-03 (92.9 % total)
# Assigned to Data Group 3 and Plot Group 3
#  Noticed Channels:  34-228
#  Telescope: NuSTAR Instrument: FPMB  Channel Type: PI
#  Exposure Time: 1.052e+05 sec
# Using fit statistic: chi
# Using Background File                nu50310002001B01_bk.pha
#  Background Exposure Time: 1.052e+05 sec
# Using Response (RMF) File            nu50310002001B01_sr.rmf for Source 1
# Using Auxiliary Response (ARF) File  nu50310002001B01_sr.arf
#
#Spectrum 4  Spectral Data File: nu50310002003A01_sr_grp.pha
#Net count rate (cts/s) for Spectrum:4  1.225e-01 +/- 1.150e-03 (93.0 % total)
# Assigned to Data Group 4 and Plot Group 4
#  Noticed Channels:  32-210
#  Telescope: NuSTAR Instrument: FPMA  Channel Type: PI
#  Exposure Time: 1.018e+05 sec
# Using fit statistic: chi
# Using Background File                nu50310002003A01_bk.pha
#  Background Exposure Time: 1.018e+05 sec
# Using Response (RMF) File            nu50310002003A01_sr.rmf for Source 1
# Using Auxiliary Response (ARF) File  nu50310002003A01_sr.arf
#
#Spectrum 5  Spectral Data File: nu50310002003B01_sr_grp.pha
#Net count rate (cts/s) for Spectrum:5  1.217e-01 +/- 1.149e-03 (92.8 % total)
# Assigned to Data Group 5 and Plot Group 5
#  Noticed Channels:  34-207
#  Telescope: NuSTAR Instrument: FPMB  Channel Type: PI
#  Exposure Time: 1.015e+05 sec
# Using fit statistic: chi
# Using Background File                nu50310002003B01_bk.pha
#  Background Exposure Time: 1.015e+05 sec
# Using Response (RMF) File            nu50310002003B01_sr.rmf for Source 1
# Using Auxiliary Response (ARF) File  nu50310002003B01_sr.arf
#
#
!XSPEC12> show parameters
#
#Parameters defined:
#========================================================================
#Model phabs<1>*constant<2>*simpl<3>*diskbb<4> Source No.: 1   Active/On
#Model Model Component  Parameter  Unit     Value
# par  comp
#                           Data group: 1
#   1    1   phabs      nH         10^22    0.110000     frozen
#   2    2   constant   factor              1.00000      frozen
#   3    3   simpl      Gamma               3.40919      +/-  8.14318E-02  
#   4    3   simpl      FracSctr            0.459069     +/-  4.95922E-02  
#   5    3   simpl      UpScOnly            1.00000      frozen
#   6    4   diskbb     Tin        keV      0.945191     +/-  3.06086E-02  
#   7    4   diskbb     norm                0.913252     +/-  9.80717E-02  
#                           Data group: 2
#   8    1   phabs      nH         10^22    0.110000     = p1
#   9    2   constant   factor              1.11877      +/-  3.82224E-02  
#  10    3   simpl      Gamma               3.40919      = p3
#  11    3   simpl      FracSctr            0.459069     = p4
#  12    3   simpl      UpScOnly            1.00000      = p5
#  13    4   diskbb     Tin        keV      0.945191     = p6
#  14    4   diskbb     norm                0.913252     = p7
#                           Data group: 3
#  15    1   phabs      nH         10^22    0.110000     = p1
#  16    2   constant   factor              1.11937      +/-  3.81958E-02  
#  17    3   simpl      Gamma               3.40919      = p3
#  18    3   simpl      FracSctr            0.459069     = p4
#  19    3   simpl      UpScOnly            1.00000      = p5
#  20    4   diskbb     Tin        keV      0.945191     = p6
#  21    4   diskbb     norm                0.913252     = p7
#                           Data group: 4
#  22    1   phabs      nH         10^22    0.110000     = p1
#  23    2   constant   factor              1.10991      +/-  3.80813E-02  
#  24    3   simpl      Gamma               3.40919      = p3
#  25    3   simpl      FracSctr            0.459069     = p4
#  26    3   simpl      UpScOnly            1.00000      = p5
#  27    4   diskbb     Tin        keV      0.945191     = p6
#  28    4   diskbb     norm                0.913252     = p7
#                           Data group: 5
#  29    1   phabs      nH         10^22    0.110000     = p1
#  30    2   constant   factor              1.04537      +/-  3.58306E-02  
#  31    3   simpl      Gamma               3.40919      = p3
#  32    3   simpl      FracSctr            0.459069     = p4
#  33    3   simpl      UpScOnly            1.00000      = p5
#  34    4   diskbb     Tin        keV      0.945191     = p6
#  35    4   diskbb     norm                0.913252     = p7
#________________________________________________________________________
#
#
!XSPEC12> show fit
#
#Fit statistic  : Chi-Squared                  207.68     using 196 bins, spectrum 1, group 1.
#                 Chi-Squared                  195.62     using 193 bins, spectrum 2, group 2.
#                 Chi-Squared                  267.35     using 195 bins, spectrum 3, group 3.
#                 Chi-Squared                  172.14     using 179 bins, spectrum 4, group 4.
#                 Chi-Squared                  178.50     using 174 bins, spectrum 5, group 5.
#Total fit statistic                          1021.29     with 929 d.o.f.
#
#Test statistic : Chi-Squared                 1021.29     using 937 bins.
# Null hypothesis probability of 1.83e-02 with 929 degrees of freedom
#
!XSPEC12> log none
#