#XSPEC version: 12.15.0d
#Build Date/Time: Thu Sep 25 14:31:39 2025
#
!XSPEC12> show data
#
#5 files 5 spectra 
#Spectrum 1  Spectral Data File: sw00031042002xpcw3posr_grp.pha
#Net count rate (cts/s) for Spectrum:1  4.076e-01 +/- 4.561e-03
# Assigned to Data Group 1 and Plot Group 1
#  Noticed Channels:  2-197
#  Telescope: SWIFT Instrument: XRT  Channel Type: PI
#  Exposure Time: 1.959e+04 sec
# Using fit statistic: chi
# Using Response (RMF) File            /home/shreya/IUCAA/caldb/data/swift/xrt/cpf/rmf/swxpc0to12s6_20110101v014.rmf for Source 1
# Using Auxiliary Response (ARF) File  /home/shreya/IUCAA/Swift/products/sw00031042002xpcw3posr.arf
#
#Spectrum 2  Spectral Data File: nu50310002001A01_sr_grp.pha
#Net count rate (cts/s) for Spectrum:2  1.359e-01 +/- 1.197e-03 (92.2 % total)
# Assigned to Data Group 2 and Plot Group 2
#  Noticed Channels:  35-227
#  Telescope: NuSTAR Instrument: FPMA  Channel Type: PI
#  Exposure Time: 1.055e+05 sec
# Using fit statistic: chi
# Using Background File                nu50310002001A01_bk.pha
#  Background Exposure Time: 1.055e+05 sec
# Using Response (RMF) File            nu50310002001A01_sr.rmf for Source 1
# Using Auxiliary Response (ARF) File  nu50310002001A01_sr.arf
#
#Spectrum 3  Spectral Data File: nu50310002001B01_sr_grp.pha
#Net count rate (cts/s) for Spectrum:3  1.397e-01 +/- 1.209e-03 (92.9 % total)
# Assigned to Data Group 3 and Plot Group 3
#  Noticed Channels:  34-228
#  Telescope: NuSTAR Instrument: FPMB  Channel Type: PI
#  Exposure Time: 1.052e+05 sec
# Using fit statistic: chi
# Using Background File                nu50310002001B01_bk.pha
#  Background Exposure Time: 1.052e+05 sec
# Using Response (RMF) File            nu50310002001B01_sr.rmf for Source 1
# Using Auxiliary Response (ARF) File  nu50310002001B01_sr.arf
#
#Spectrum 4  Spectral Data File: nu50310002003A01_sr_grp.pha
#Net count rate (cts/s) for Spectrum:4  1.225e-01 +/- 1.150e-03 (93.0 % total)
# Assigned to Data Group 4 and Plot Group 4
#  Noticed Channels:  32-210
#  Telescope: NuSTAR Instrument: FPMA  Channel Type: PI
#  Exposure Time: 1.018e+05 sec
# Using fit statistic: chi
# Using Background File                nu50310002003A01_bk.pha
#  Background Exposure Time: 1.018e+05 sec
# Using Response (RMF) File            nu50310002003A01_sr.rmf for Source 1
# Using Auxiliary Response (ARF) File  nu50310002003A01_sr.arf
#
#Spectrum 5  Spectral Data File: nu50310002003B01_sr_grp.pha
#Net count rate (cts/s) for Spectrum:5  1.217e-01 +/- 1.149e-03 (92.8 % total)
# Assigned to Data Group 5 and Plot Group 5
#  Noticed Channels:  34-207
#  Telescope: NuSTAR Instrument: FPMB  Channel Type: PI
#  Exposure Time: 1.015e+05 sec
# Using fit statistic: chi
# Using Background File                nu50310002003B01_bk.pha
#  Background Exposure Time: 1.015e+05 sec
# Using Response (RMF) File            nu50310002003B01_sr.rmf for Source 1
# Using Auxiliary Response (ARF) File  nu50310002003B01_sr.arf
#
#
!XSPEC12> show parameters
#
#Parameters defined:
#========================================================================
#Model constant<1>*phabs<2>*diskpbb<3> Source No.: 1   Active/On
#Model Model Component  Parameter  Unit     Value
# par  comp
#                           Data group: 1
#   1    1   constant   factor              1.00000      frozen
#   2    2   phabs      nH         10^22    0.296494     +/-  1.27583E-02  
#   3    3   diskpbb    Tin        keV      1.97380      +/-  2.43262E-02  
#   4    3   diskpbb    p                   0.500000     +/-  1.21542E-02  
#   5    3   diskpbb    norm                1.34478E-02  +/-  1.51472E-03  
#                           Data group: 2
#   6    1   constant   factor              0.999201     +/-  2.64519E-02  
#   7    2   phabs      nH         10^22    0.296494     = p2
#   8    3   diskpbb    Tin        keV      1.97380      = p3
#   9    3   diskpbb    p                   0.500000     = p4
#  10    3   diskpbb    norm                1.34478E-02  = p5
#                           Data group: 3
#  11    1   constant   factor              1.00480      +/-  2.64586E-02  
#  12    2   phabs      nH         10^22    0.296494     = p2
#  13    3   diskpbb    Tin        keV      1.97380      = p3
#  14    3   diskpbb    p                   0.500000     = p4
#  15    3   diskpbb    norm                1.34478E-02  = p5
#                           Data group: 4
#  16    1   constant   factor              0.994937     +/-  2.65021E-02  
#  17    2   phabs      nH         10^22    0.296494     = p2
#  18    3   diskpbb    Tin        keV      1.97380      = p3
#  19    3   diskpbb    p                   0.500000     = p4
#  20    3   diskpbb    norm                1.34478E-02  = p5
#                           Data group: 5
#  21    1   constant   factor              0.936057     +/-  2.49381E-02  
#  22    2   phabs      nH         10^22    0.296494     = p2
#  23    3   diskpbb    Tin        keV      1.97380      = p3
#  24    3   diskpbb    p                   0.500000     = p4
#  25    3   diskpbb    norm                1.34478E-02  = p5
#________________________________________________________________________
#
#
!XSPEC12> show fit
#
#Fit statistic  : Chi-Squared                  294.71     using 196 bins, spectrum 1, group 1.
#                 Chi-Squared                  372.12     using 193 bins, spectrum 2, group 2.
#                 Chi-Squared                  384.70     using 195 bins, spectrum 3, group 3.
#                 Chi-Squared                  283.13     using 179 bins, spectrum 4, group 4.
#                 Chi-Squared                  294.43     using 174 bins, spectrum 5, group 5.
#Total fit statistic                          1629.10     with 929 d.o.f.
#
#Test statistic : Chi-Squared                 1629.10     using 937 bins.
# Null hypothesis probability of 4.67e-41 with 929 degrees of freedom
#
!XSPEC12> error 3 4 5
# Parameter   Confidence Range (2.706)
#     3      1.94992      1.99824    (-0.0238829,0.0244365)
#***Warning: Parameter pegged at hard limit: 0.5
#     4            0      0.50113    (-0.5,0.00112972)
#     5    0.0126805    0.0142542    (-0.000767263,0.000806438)
#
!XSPEC12> log none
#
